<?xml version="1.0" encoding="UTF-8"?>
<!-- Generated by org.testng.reporters.JUnitReportReporter -->
<testsuite hostname="IN-5CG0253H7D" failures="0" tests="2" name="org.orange.hrm.automation.runners.TestRunner" time="148.382" errors="0" timestamp="2022-11-23T11:03:47 IST" skipped="0">
  <testcase classname="org.orange.hrm.automation.runners.TestRunner" name="runScenario" time="31.823"/>
  <system-out/>
  <testcase classname="org.orange.hrm.automation.runners.TestRunner" name="runScenario" time="116.559"/>
  <system-out/>
</testsuite> <!-- org.orange.hrm.automation.runners.TestRunner -->
